{
  "RSpec": {
    "coverage": {
      "/Users/student/Documents/Makers/tech-tests/url-shortener-code-test/app.rb": [
        null,
        null,
        1,
        1,
        1,
        null,
        1,
        1,
        1,
        null,
        null,
        1,
        null,
        3,
        null,
        null,
        null,
        3,
        1,
        1,
        null,
        2,
        null,
        null,
        null,
        null,
        null,
        1,
        1,
        0,
        null,
        null,
        1,
        3,
        3,
        null,
        3,
        1,
        1,
        null,
        null,
        null,
        1,
        null
      ],
      "/Users/student/Documents/Makers/tech-tests/url-shortener-code-test/lib/url_entry.rb": [
        null,
        null,
        1,
        1,
        null,
        1,
        3,
        null,
        null,
        1,
        3,
        2,
        null,
        null,
        1,
        null,
        1,
        10,
        10,
        null,
        null,
        1,
        6,
        6,
        null,
        null,
        1,
        6,
        null,
        null,
        1,
        4,
        24,
        null,
        null,
        1,
        10,
        10,
        null,
        null
      ],
      "/Users/student/Documents/Makers/tech-tests/url-shortener-code-test/spec/app_spec.rb": [
        null,
        null,
        1,
        null,
        1,
        1,
        null,
        6,
        null,
        1,
        1,
        1,
        1,
        null,
        null,
        null,
        1,
        1,
        1,
        1,
        1,
        1,
        1,
        null,
        null,
        null,
        null,
        1,
        1,
        1,
        1,
        null,
        null,
        1,
        1,
        1,
        1,
        null,
        null,
        null,
        1,
        1,
        1,
        1,
        null,
        null,
        null
      ],
      "/Users/student/Documents/Makers/tech-tests/url-shortener-code-test/spec/url_entry_spec.rb": [
        null,
        null,
        1,
        null,
        1,
        8,
        null,
        1,
        1,
        1,
        null,
        null,
        1,
        1,
        1,
        1,
        null,
        null,
        null,
        1,
        1,
        2,
        1,
        null,
        null,
        1,
        2,
        1,
        1,
        null,
        null,
        null,
        1,
        1,
        2,
        1,
        1,
        null,
        null,
        1,
        2,
        1,
        1,
        1,
        null,
        null,
        null,
        1,
        1,
        1,
        1,
        null,
        null,
        1,
        1,
        1,
        null,
        null,
        null,
        1,
        1,
        2,
        1,
        1,
        null,
        null,
        null
      ]
    },
    "timestamp": 1576682770
  }
}
